0 info it worked if it ends with ok
1 verbose cli [ '/usr/bin/nodejs', '/usr/bin/npm', 'install', 'pi-gpio' ]
2 info using npm@1.3.10
3 info using node@v0.10.25
4 verbose cache add [ 'pi-gpio', null ]
5 verbose cache add name=undefined spec="pi-gpio" args=["pi-gpio",null]
6 verbose parsed url { protocol: null,
6 verbose parsed url   slashes: null,
6 verbose parsed url   auth: null,
6 verbose parsed url   host: null,
6 verbose parsed url   port: null,
6 verbose parsed url   hostname: null,
6 verbose parsed url   hash: null,
6 verbose parsed url   search: null,
6 verbose parsed url   query: null,
6 verbose parsed url   pathname: 'pi-gpio',
6 verbose parsed url   path: 'pi-gpio',
6 verbose parsed url   href: 'pi-gpio' }
7 silly lockFile 9a7e9d3f-pi-gpio pi-gpio
8 verbose lock pi-gpio /home/amos/.npm/9a7e9d3f-pi-gpio.lock
9 silly lockFile 9a7e9d3f-pi-gpio pi-gpio
10 silly lockFile 9a7e9d3f-pi-gpio pi-gpio
11 verbose addNamed [ 'pi-gpio', '' ]
12 verbose addNamed [ null, '*' ]
13 silly lockFile 375ded4b-pi-gpio pi-gpio@
14 verbose lock pi-gpio@ /home/amos/.npm/375ded4b-pi-gpio.lock
15 silly addNameRange { name: 'pi-gpio', range: '*', hasData: false }
16 verbose url raw pi-gpio
17 verbose url resolving [ 'https://registry.npmjs.org/', './pi-gpio' ]
18 verbose url resolved https://registry.npmjs.org/pi-gpio
19 info trying registry request attempt 1 at 11:19:22
20 http GET https://registry.npmjs.org/pi-gpio
21 http 200 https://registry.npmjs.org/pi-gpio
22 silly registry.get cb [ 200,
22 silly registry.get   { server: 'CouchDB/1.5.0 (Erlang OTP/R16B03)',
22 silly registry.get     etag: '"6MYV6S4M2G7R06BUSO00HRZP9"',
22 silly registry.get     'content-type': 'application/json',
22 silly registry.get     'cache-control': 'max-age=300',
22 silly registry.get     'content-length': '19163',
22 silly registry.get     'accept-ranges': 'bytes',
22 silly registry.get     date: 'Sat, 09 Jul 2016 16:19:23 GMT',
22 silly registry.get     via: '1.1 varnish',
22 silly registry.get     age: '0',
22 silly registry.get     connection: 'keep-alive',
22 silly registry.get     'x-served-by': 'cache-atl6232-ATL',
22 silly registry.get     'x-cache': 'MISS',
22 silly registry.get     'x-cache-hits': '0',
22 silly registry.get     'x-timer': 'S1468081163.235807,VS0,VE399',
22 silly registry.get     vary: 'Accept-Encoding' } ]
23 silly addNameRange number 2 { name: 'pi-gpio', range: '*', hasData: true }
24 silly addNameRange versions [ 'pi-gpio',
24 silly addNameRange   [ '0.0.1',
24 silly addNameRange     '0.0.2',
24 silly addNameRange     '0.0.3',
24 silly addNameRange     '0.0.4',
24 silly addNameRange     '0.0.5',
24 silly addNameRange     '0.0.6',
24 silly addNameRange     '0.0.7',
24 silly addNameRange     '0.0.8' ] ]
25 verbose addNamed [ 'pi-gpio', '0.0.8' ]
26 verbose addNamed [ '0.0.8', '0.0.8' ]
27 silly lockFile 0a9cc6ef-pi-gpio-0-0-8 pi-gpio@0.0.8
28 verbose lock pi-gpio@0.0.8 /home/amos/.npm/0a9cc6ef-pi-gpio-0-0-8.lock
29 silly lockFile d0a15390-js-org-pi-gpio-pi-gpio-0-0-8-tgz https://registry.npmjs.org/pi-gpio/-/pi-gpio-0.0.8.tgz
30 verbose lock https://registry.npmjs.org/pi-gpio/-/pi-gpio-0.0.8.tgz /home/amos/.npm/d0a15390-js-org-pi-gpio-pi-gpio-0-0-8-tgz.lock
31 verbose addRemoteTarball [ 'https://registry.npmjs.org/pi-gpio/-/pi-gpio-0.0.8.tgz',
31 verbose addRemoteTarball   '85636bd59c8aa6002671206aa372f57f3f2c3d54' ]
32 silly lockFile d0a15390-js-org-pi-gpio-pi-gpio-0-0-8-tgz https://registry.npmjs.org/pi-gpio/-/pi-gpio-0.0.8.tgz
33 silly lockFile d0a15390-js-org-pi-gpio-pi-gpio-0-0-8-tgz https://registry.npmjs.org/pi-gpio/-/pi-gpio-0.0.8.tgz
34 silly lockFile 0a9cc6ef-pi-gpio-0-0-8 pi-gpio@0.0.8
35 silly lockFile 0a9cc6ef-pi-gpio-0-0-8 pi-gpio@0.0.8
36 silly lockFile 375ded4b-pi-gpio pi-gpio@
37 silly lockFile 375ded4b-pi-gpio pi-gpio@
38 error Error: EACCES, mkdir '/home/amos/tmp/npm-7565-e-yElUMW'
38 error  { [Error: EACCES, mkdir '/home/amos/tmp/npm-7565-e-yElUMW']
38 error   errno: 3,
38 error   code: 'EACCES',
38 error   path: '/home/amos/tmp/npm-7565-e-yElUMW' }
39 error Please try running this command again as root/Administrator.
40 error System Linux 4.2.0-38-generic
41 error command "/usr/bin/nodejs" "/usr/bin/npm" "install" "pi-gpio"
42 error cwd /home/amos/proj/birdhouse
43 error node -v v0.10.25
44 error npm -v 1.3.10
45 error path /home/amos/tmp/npm-7565-e-yElUMW
46 error code EACCES
47 error errno 3
48 error stack Error: EACCES, mkdir '/home/amos/tmp/npm-7565-e-yElUMW'
49 verbose exit [ 3, true ]
